# JRE version: Java(TM) SE Runtime Environment (8.0_191-b12) (build 1.8.0_191-b12)
# Java VM: Java HotSpot(TM) 64-Bit Server VM (25.191-b12 mixed mode linux-amd64 compressed oops)
Heap:
 PSYoungGen      total 136704K, used 12287K [0x00000000d7100000, 0x00000000e0500000, 0x0000000100000000)
  eden space 124416K, 0% used [0x00000000d7100000,0x00000000d7100000,0x00000000dea80000)
  from space 12288K, 99% used [0x00000000dea80000,0x00000000df67fc58,0x00000000df680000)
  to   space 9728K, 0% used [0x00000000df680000,0x00000000df680000,0x00000000e0000000)
 ParOldGen       total 84992K, used 15818K [0x0000000085200000, 0x000000008a500000, 0x00000000d7100000)
  object space 84992K, 18% used [0x0000000085200000,0x0000000086172af8,0x000000008a500000)
 Metaspace       used 16998K, capacity 17280K, committed 17408K, reserved 1064960K
  class space    used 2141K, capacity 2231K, committed 2304K, reserved 1048576K
GC Heap History (10 events):
Event: 1,284 GC heap after
Heap after GC invocations=2 (full 0):
 PSYoungGen      total 36864K, used 5103K [0x00000000d7100000, 0x00000000db900000, 0x0000000100000000)
  eden space 31744K, 0% used [0x00000000d7100000,0x00000000d7100000,0x00000000d9000000)
  from space 5120K, 99% used [0x00000000d9500000,0x00000000d99fbea8,0x00000000d9a00000)
  to   space 5120K, 0% used [0x00000000d9000000,0x00000000d9000000,0x00000000d9500000)
 ParOldGen       total 84992K, used 2120K [0x0000000085200000, 0x000000008a500000, 0x00000000d7100000)
  object space 84992K, 2% used [0x0000000085200000,0x0000000085412100,0x000000008a500000)
 Metaspace       used 12616K, capacity 12878K, committed 13056K, reserved 1060864K
  class space    used 1638K, capacity 1747K, committed 1792K, reserved 1048576K
}
Event: 1,444 GC heap before
{Heap before GC invocations=3 (full 0):
 PSYoungGen      total 36864K, used 36847K [0x00000000d7100000, 0x00000000db900000, 0x0000000100000000)
  eden space 31744K, 100% used [0x00000000d7100000,0x00000000d9000000,0x00000000d9000000)
  from space 5120K, 99% used [0x00000000d9500000,0x00000000d99fbea8,0x00000000d9a00000)
  to   space 5120K, 0% used [0x00000000d9000000,0x00000000d9000000,0x00000000d9500000)
 ParOldGen       total 84992K, used 2120K [0x0000000085200000, 0x000000008a500000, 0x00000000d7100000)
  object space 84992K, 2% used [0x0000000085200000,0x0000000085412100,0x000000008a500000)
 Metaspace       used 13103K, capacity 13358K, committed 13440K, reserved 1060864K
  class space    used 1743K, capacity 1843K, committed 1920K, reserved 1048576K
Event: 1,450 GC heap after
Heap after GC invocations=3 (full 0):
 PSYoungGen      total 36864K, used 5107K [0x00000000d7100000, 0x00000000db900000, 0x0000000100000000)
  eden space 31744K, 0% used [0x00000000d7100000,0x00000000d7100000,0x00000000d9000000)
  from space 5120K, 99% used [0x00000000d9000000,0x00000000d94fcce8,0x00000000d9500000)
  to   space 5120K, 0% used [0x00000000db400000,0x00000000db400000,0x00000000db900000)
 ParOldGen       total 84992K, used 2215K [0x0000000085200000, 0x000000008a500000, 0x00000000d7100000)
  object space 84992K, 2% used [0x0000000085200000,0x0000000085429cf8,0x000000008a500000)
 Metaspace       used 13103K, capacity 13358K, committed 13440K, reserved 1060864K
  class space    used 1743K, capacity 1843K, committed 1920K, reserved 1048576K
}
Event: 1,543 GC heap before
{Heap before GC invocations=4 (full 0):
 PSYoungGen      total 36864K, used 36851K [0x00000000d7100000, 0x00000000db900000, 0x0000000100000000)
  eden space 31744K, 100% used [0x00000000d7100000,0x00000000d9000000,0x00000000d9000000)
  from space 5120K, 99% used [0x00000000d9000000,0x00000000d94fcce8,0x00000000d9500000)
  to   space 5120K, 0% used [0x00000000db400000,0x00000000db400000,0x00000000db900000)
 ParOldGen       total 84992K, used 2215K [0x0000000085200000, 0x000000008a500000, 0x00000000d7100000)
  object space 84992K, 2% used [0x0000000085200000,0x0000000085429cf8,0x000000008a500000)
 Metaspace       used 13112K, capacity 13358K, committed 13440K, reserved 1060864K
  class space    used 1743K, capacity 1843K, committed 1920K, reserved 1048576K
Event: 1,549 GC heap after
Heap after GC invocations=4 (full 0):
 PSYoungGen      total 68608K, used 4864K [0x00000000d7100000, 0x00000000db900000, 0x0000000100000000)
  eden space 63488K, 0% used [0x00000000d7100000,0x00000000d7100000,0x00000000daf00000)
  from space 5120K, 95% used [0x00000000db400000,0x00000000db8c0040,0x00000000db900000)
  to   space 5120K, 0% used [0x00000000daf00000,0x00000000daf00000,0x00000000db400000)
 ParOldGen       total 84992K, used 2215K [0x0000000085200000, 0x000000008a500000, 0x00000000d7100000)
  object space 84992K, 2% used [0x0000000085200000,0x0000000085429cf8,0x000000008a500000)
 Metaspace       used 13112K, capacity 13358K, committed 13440K, reserved 1060864K
  class space    used 1743K, capacity 1843K, committed 1920K, reserved 1048576K
}
Event: 1,955 GC heap before
{Heap before GC invocations=5 (full 0):
 PSYoungGen      total 68608K, used 68352K [0x00000000d7100000, 0x00000000db900000, 0x0000000100000000)
  eden space 63488K, 100% used [0x00000000d7100000,0x00000000daf00000,0x00000000daf00000)
  from space 5120K, 95% used [0x00000000db400000,0x00000000db8c0040,0x00000000db900000)
  to   space 5120K, 0% used [0x00000000daf00000,0x00000000daf00000,0x00000000db400000)
 ParOldGen       total 84992K, used 2215K [0x0000000085200000, 0x000000008a500000, 0x00000000d7100000)
  object space 84992K, 2% used [0x0000000085200000,0x0000000085429cf8,0x000000008a500000)
 Metaspace       used 15212K, capacity 15482K, committed 15744K, reserved 1062912K
  class space    used 1990K, capacity 2101K, committed 2176K, reserved 1048576K
Event: 1,962 GC heap after
Heap after GC invocations=5 (full 0):
 PSYoungGen      total 68608K, used 5104K [0x00000000d7100000, 0x00000000e0000000, 0x0000000100000000)
  eden space 63488K, 0% used [0x00000000d7100000,0x00000000d7100000,0x00000000daf00000)
  from space 5120K, 99% used [0x00000000daf00000,0x00000000db3fc030,0x00000000db400000)
  to   space 9728K, 0% used [0x00000000df680000,0x00000000df680000,0x00000000e0000000)
 ParOldGen       total 84992K, used 6485K [0x0000000085200000, 0x000000008a500000, 0x00000000d7100000)
  object space 84992K, 7% used [0x0000000085200000,0x00000000858556f8,0x000000008a500000)
 Metaspace       used 15212K, capacity 15482K, committed 15744K, reserved 1062912K
  class space    used 1990K, capacity 2101K, committed 2176K, reserved 1048576K
}
Event: 2,185 GC heap before
{Heap before GC invocations=6 (full 0):
 PSYoungGen      total 68608K, used 68592K [0x00000000d7100000, 0x00000000e0000000, 0x0000000100000000)
  eden space 63488K, 100% used [0x00000000d7100000,0x00000000daf00000,0x00000000daf00000)
  from space 5120K, 99% used [0x00000000daf00000,0x00000000db3fc030,0x00000000db400000)
  to   space 9728K, 0% used [0x00000000df680000,0x00000000df680000,0x00000000e0000000)
 ParOldGen       total 84992K, used 6485K [0x0000000085200000, 0x000000008a500000, 0x00000000d7100000)
  object space 84992K, 7% used [0x0000000085200000,0x00000000858556f8,0x000000008a500000)
 Metaspace       used 16132K, capacity 16416K, committed 16640K, reserved 1062912K
  class space    used 2100K, capacity 2199K, committed 2304K, reserved 1048576K
Event: 2,220 GC heap after
Heap after GC invocations=6 (full 0):
 PSYoungGen      total 134144K, used 9701K [0x00000000d7100000, 0x00000000e0500000, 0x0000000100000000)
  eden space 124416K, 0% used [0x00000000d7100000,0x00000000d7100000,0x00000000dea80000)
  from space 9728K, 99% used [0x00000000df680000,0x00000000dfff94e8,0x00000000e0000000)
  to   space 12288K, 0% used [0x00000000dea80000,0x00000000dea80000,0x00000000df680000)
 ParOldGen       total 84992K, used 8844K [0x0000000085200000, 0x000000008a500000, 0x00000000d7100000)
  object space 84992K, 10% used [0x0000000085200000,0x0000000085aa32a8,0x000000008a500000)
 Metaspace       used 16132K, capacity 16416K, committed 16640K, reserved 1062912K
  class space    used 2100K, capacity 2199K, committed 2304K, reserved 1048576K
}
Event: 3,243 GC heap before
{Heap before GC invocations=7 (full 0):
 PSYoungGen      total 134144K, used 134117K [0x00000000d7100000, 0x00000000e0500000, 0x0000000100000000)
  eden space 124416K, 100% used [0x00000000d7100000,0x00000000dea80000,0x00000000dea80000)
  from space 9728K, 99% used [0x00000000df680000,0x00000000dfff94e8,0x00000000e0000000)
  to   space 12288K, 0% used [0x00000000dea80000,0x00000000dea80000,0x00000000df680000)
 ParOldGen       total 84992K, used 8844K [0x0000000085200000, 0x000000008a500000, 0x00000000d7100000)
  object space 84992K, 10% used [0x0000000085200000,0x0000000085aa32a8,0x000000008a500000)
 Metaspace       used 16998K, capacity 17280K, committed 17408K, reserved 1064960K
  class space    used 2141K, capacity 2231K, committed 2304K, reserved 1048576K

