# JRE version: Java(TM) SE Runtime Environment (8.0_191-b12) (build 1.8.0_191-b12)
# Java VM: Java HotSpot(TM) 64-Bit Server VM (25.191-b12 mixed mode linux-amd64 compressed oops)
Heap:
 PSYoungGen      total 136704K, used 12793K [0x00000000d7100000, 0x00000000e0600000, 0x0000000100000000)
  eden space 123904K, 0% used [0x00000000d7100000,0x00000000d7100000,0x00000000dea00000)
  from space 12800K, 99% used [0x00000000dea00000,0x00000000df67e410,0x00000000df680000)
  to   space 9728K, 0% used [0x00000000df680000,0x00000000df680000,0x00000000e0000000)
 ParOldGen       total 84992K, used 15617K [0x0000000085200000, 0x000000008a500000, 0x00000000d7100000)
  object space 84992K, 18% used [0x0000000085200000,0x00000000861405a8,0x000000008a500000)
 Metaspace       used 17016K, capacity 17280K, committed 17408K, reserved 1064960K
  class space    used 2141K, capacity 2231K, committed 2304K, reserved 1048576K
GC Heap History (10 events):
Event: 1,592 GC heap after
Heap after GC invocations=2 (full 0):
 PSYoungGen      total 36864K, used 5115K [0x00000000d7100000, 0x00000000d9a00000, 0x0000000100000000)
  eden space 31744K, 0% used [0x00000000d7100000,0x00000000d7100000,0x00000000d9000000)
  from space 5120K, 99% used [0x00000000d9500000,0x00000000d99fed58,0x00000000d9a00000)
  to   space 5120K, 0% used [0x00000000d9000000,0x00000000d9000000,0x00000000d9500000)
 ParOldGen       total 84992K, used 2075K [0x0000000085200000, 0x000000008a500000, 0x00000000d7100000)
  object space 84992K, 2% used [0x0000000085200000,0x0000000085406da0,0x000000008a500000)
 Metaspace       used 12564K, capacity 12846K, committed 13056K, reserved 1060864K
  class space    used 1619K, capacity 1715K, committed 1792K, reserved 1048576K
}
Event: 1,803 GC heap before
{Heap before GC invocations=3 (full 0):
 PSYoungGen      total 36864K, used 36859K [0x00000000d7100000, 0x00000000d9a00000, 0x0000000100000000)
  eden space 31744K, 100% used [0x00000000d7100000,0x00000000d9000000,0x00000000d9000000)
  from space 5120K, 99% used [0x00000000d9500000,0x00000000d99fed58,0x00000000d9a00000)
  to   space 5120K, 0% used [0x00000000d9000000,0x00000000d9000000,0x00000000d9500000)
 ParOldGen       total 84992K, used 2075K [0x0000000085200000, 0x000000008a500000, 0x00000000d7100000)
  object space 84992K, 2% used [0x0000000085200000,0x0000000085406da0,0x000000008a500000)
 Metaspace       used 13121K, capacity 13422K, committed 13696K, reserved 1060864K
  class space    used 1743K, capacity 1843K, committed 1920K, reserved 1048576K
Event: 1,809 GC heap after
Heap after GC invocations=3 (full 0):
 PSYoungGen      total 36864K, used 5115K [0x00000000d7100000, 0x00000000db900000, 0x0000000100000000)
  eden space 31744K, 0% used [0x00000000d7100000,0x00000000d7100000,0x00000000d9000000)
  from space 5120K, 99% used [0x00000000d9000000,0x00000000d94feeb0,0x00000000d9500000)
  to   space 5120K, 0% used [0x00000000db400000,0x00000000db400000,0x00000000db900000)
 ParOldGen       total 84992K, used 2267K [0x0000000085200000, 0x000000008a500000, 0x00000000d7100000)
  object space 84992K, 2% used [0x0000000085200000,0x0000000085436d10,0x000000008a500000)
 Metaspace       used 13121K, capacity 13422K, committed 13696K, reserved 1060864K
  class space    used 1743K, capacity 1843K, committed 1920K, reserved 1048576K
}
Event: 1,898 GC heap before
{Heap before GC invocations=4 (full 0):
 PSYoungGen      total 36864K, used 36859K [0x00000000d7100000, 0x00000000db900000, 0x0000000100000000)
  eden space 31744K, 100% used [0x00000000d7100000,0x00000000d9000000,0x00000000d9000000)
  from space 5120K, 99% used [0x00000000d9000000,0x00000000d94feeb0,0x00000000d9500000)
  to   space 5120K, 0% used [0x00000000db400000,0x00000000db400000,0x00000000db900000)
 ParOldGen       total 84992K, used 2267K [0x0000000085200000, 0x000000008a500000, 0x00000000d7100000)
  object space 84992K, 2% used [0x0000000085200000,0x0000000085436d10,0x000000008a500000)
 Metaspace       used 13131K, capacity 13422K, committed 13696K, reserved 1060864K
  class space    used 1743K, capacity 1843K, committed 1920K, reserved 1048576K
Event: 1,903 GC heap after
Heap after GC invocations=4 (full 0):
 PSYoungGen      total 68608K, used 4912K [0x00000000d7100000, 0x00000000db900000, 0x0000000100000000)
  eden space 63488K, 0% used [0x00000000d7100000,0x00000000d7100000,0x00000000daf00000)
  from space 5120K, 95% used [0x00000000db400000,0x00000000db8cc050,0x00000000db900000)
  to   space 5120K, 0% used [0x00000000daf00000,0x00000000daf00000,0x00000000db400000)
 ParOldGen       total 84992K, used 2275K [0x0000000085200000, 0x000000008a500000, 0x00000000d7100000)
  object space 84992K, 2% used [0x0000000085200000,0x0000000085438d10,0x000000008a500000)
 Metaspace       used 13131K, capacity 13422K, committed 13696K, reserved 1060864K
  class space    used 1743K, capacity 1843K, committed 1920K, reserved 1048576K
}
Event: 2,294 GC heap before
{Heap before GC invocations=5 (full 0):
 PSYoungGen      total 68608K, used 68400K [0x00000000d7100000, 0x00000000db900000, 0x0000000100000000)
  eden space 63488K, 100% used [0x00000000d7100000,0x00000000daf00000,0x00000000daf00000)
  from space 5120K, 95% used [0x00000000db400000,0x00000000db8cc050,0x00000000db900000)
  to   space 5120K, 0% used [0x00000000daf00000,0x00000000daf00000,0x00000000db400000)
 ParOldGen       total 84992K, used 2275K [0x0000000085200000, 0x000000008a500000, 0x00000000d7100000)
  object space 84992K, 2% used [0x0000000085200000,0x0000000085438d10,0x000000008a500000)
 Metaspace       used 15234K, capacity 15546K, committed 15744K, reserved 1062912K
  class space    used 1990K, capacity 2101K, committed 2176K, reserved 1048576K
Event: 2,302 GC heap after
Heap after GC invocations=5 (full 0):
 PSYoungGen      total 68608K, used 5097K [0x00000000d7100000, 0x00000000e0000000, 0x0000000100000000)
  eden space 63488K, 0% used [0x00000000d7100000,0x00000000d7100000,0x00000000daf00000)
  from space 5120K, 99% used [0x00000000daf00000,0x00000000db3fa400,0x00000000db400000)
  to   space 9728K, 0% used [0x00000000df680000,0x00000000df680000,0x00000000e0000000)
 ParOldGen       total 84992K, used 6687K [0x0000000085200000, 0x000000008a500000, 0x00000000d7100000)
  object space 84992K, 7% used [0x0000000085200000,0x0000000085887e68,0x000000008a500000)
 Metaspace       used 15234K, capacity 15546K, committed 15744K, reserved 1062912K
  class space    used 1990K, capacity 2101K, committed 2176K, reserved 1048576K
}
Event: 2,536 GC heap before
{Heap before GC invocations=6 (full 0):
 PSYoungGen      total 68608K, used 68585K [0x00000000d7100000, 0x00000000e0000000, 0x0000000100000000)
  eden space 63488K, 100% used [0x00000000d7100000,0x00000000daf00000,0x00000000daf00000)
  from space 5120K, 99% used [0x00000000daf00000,0x00000000db3fa400,0x00000000db400000)
  to   space 9728K, 0% used [0x00000000df680000,0x00000000df680000,0x00000000e0000000)
 ParOldGen       total 84992K, used 6687K [0x0000000085200000, 0x000000008a500000, 0x00000000d7100000)
  object space 84992K, 7% used [0x0000000085200000,0x0000000085887e68,0x000000008a500000)
 Metaspace       used 16151K, capacity 16480K, committed 16640K, reserved 1062912K
  class space    used 2100K, capacity 2199K, committed 2304K, reserved 1048576K
Event: 2,549 GC heap after
Heap after GC invocations=6 (full 0):
 PSYoungGen      total 133632K, used 9698K [0x00000000d7100000, 0x00000000e0600000, 0x0000000100000000)
  eden space 123904K, 0% used [0x00000000d7100000,0x00000000d7100000,0x00000000dea00000)
  from space 9728K, 99% used [0x00000000df680000,0x00000000dfff89a0,0x00000000e0000000)
  to   space 12800K, 0% used [0x00000000dea00000,0x00000000dea00000,0x00000000df680000)
 ParOldGen       total 84992K, used 9261K [0x0000000085200000, 0x000000008a500000, 0x00000000d7100000)
  object space 84992K, 10% used [0x0000000085200000,0x0000000085b0b690,0x000000008a500000)
 Metaspace       used 16151K, capacity 16480K, committed 16640K, reserved 1062912K
  class space    used 2100K, capacity 2199K, committed 2304K, reserved 1048576K
}
Event: 4,017 GC heap before
{Heap before GC invocations=7 (full 0):
 PSYoungGen      total 133632K, used 133602K [0x00000000d7100000, 0x00000000e0600000, 0x0000000100000000)
  eden space 123904K, 100% used [0x00000000d7100000,0x00000000dea00000,0x00000000dea00000)
  from space 9728K, 99% used [0x00000000df680000,0x00000000dfff89a0,0x00000000e0000000)
  to   space 12800K, 0% used [0x00000000dea00000,0x00000000dea00000,0x00000000df680000)
 ParOldGen       total 84992K, used 9261K [0x0000000085200000, 0x000000008a500000, 0x00000000d7100000)
  object space 84992K, 10% used [0x0000000085200000,0x0000000085b0b690,0x000000008a500000)
 Metaspace       used 17016K, capacity 17280K, committed 17408K, reserved 1064960K
  class space    used 2141K, capacity 2231K, committed 2304K, reserved 1048576K

